This is pdfTeX, Version 3.141592653-2.6-1.40.25 (TeX Live 2023/Homebrew) (preloaded format=pdflatex 2023.3.21)  31 MAY 2023 23:01
entering extended mode
 restricted \write18 enabled.
 %&-line parsing enabled.
**sample.tex
(./sample.tex
LaTeX2e <2022-11-01> patch level 1
L3 programming layer <2023-02-22> (./utdthesis.cls
Document Class: utdthesis 2021/11/01 v1.9 University of Texas at Dallas Thesis 
Class

(/opt/homebrew/Cellar/texlive/20230313/share/texmf-dist/tex/latex/base/book.cls
Document Class: book 2022/07/02 v1.4n Standard LaTeX document class

(/opt/homebrew/Cellar/texlive/20230313/share/texmf-dist/tex/latex/base/bk12.clo
File: bk12.clo 2022/07/02 v1.4n Standard LaTeX file (size option)
)
\c@part=\count185
\c@chapter=\count186
\c@section=\count187
\c@subsection=\count188
\c@subsubsection=\count189
\c@paragraph=\count190
\c@subparagraph=\count191
\c@figure=\count192
\c@table=\count193
\abovecaptionskip=\skip48
\belowcaptionskip=\skip49
\bibindent=\dimen140
)
(/opt/homebrew/Cellar/texlive/20230313/share/texmf-dist/tex/latex/textcase/text
case.sty
Package: textcase 2022/07/10 v1.03 Text only upper/lower case changing (DPC)
Package textcase Info: Defining Legacy names on input line 20.
)
\UTD@numchairs=\count194
LaTeX Info: Redefining \reset@font on input line 348.
\UTD@tempskip=\skip50
\baselineflex=\skip51
\UTD@blankline=\dimen141
\UTD@page=\count195
)
(/opt/homebrew/Cellar/texlive/20230313/share/texmf-dist/tex/latex/microtype/mic
rotype.sty
Package: microtype 2023/03/13 v3.1a Micro-typographical refinements (RS)

(/opt/homebrew/Cellar/texlive/20230313/share/texmf-dist/tex/latex/graphics/keyv
al.sty
Package: keyval 2022/05/29 v1.15 key=value parser (DPC)
\KV@toks@=\toks16
)
(/opt/homebrew/Cellar/texlive/20230313/share/texmf-dist/tex/latex/etoolbox/etoo
lbox.sty
Package: etoolbox 2020/10/05 v2.5k e-TeX tools for LaTeX (JAW)
\etb@tempcnta=\count196
)
\MT@toks=\toks17
\MT@tempbox=\box51
\MT@count=\count197
LaTeX Info: Redefining \noprotrusionifhmode on input line 1059.
LaTeX Info: Redefining \leftprotrusion on input line 1060.
\MT@prot@toks=\toks18
LaTeX Info: Redefining \rightprotrusion on input line 1078.
LaTeX Info: Redefining \textls on input line 1368.
\MT@outer@kern=\dimen142
LaTeX Info: Redefining \textmicrotypecontext on input line 1988.
\MT@listname@count=\count198

(/opt/homebrew/Cellar/texlive/20230313/share/texmf-dist/tex/latex/microtype/mic
rotype-pdftex.def
File: microtype-pdftex.def 2023/03/13 v3.1a Definitions specific to pdftex (RS)

LaTeX Info: Redefining \lsstyle on input line 902.
LaTeX Info: Redefining \lslig on input line 902.
\MT@outer@space=\skip52
)
Package microtype Info: Loading configuration file microtype.cfg.

(/opt/homebrew/Cellar/texlive/20230313/share/texmf-dist/tex/latex/microtype/mic
rotype.cfg
File: microtype.cfg 2023/03/13 v3.1a microtype main configuration file (RS)
))
(/opt/homebrew/Cellar/texlive/20230313/share/texmf-dist/tex/latex/amsmath/amsma
th.sty
Package: amsmath 2022/04/08 v2.17n AMS math features
\@mathmargin=\skip53

For additional information on amsmath, use the `?' option.

(/opt/homebrew/Cellar/texlive/20230313/share/texmf-dist/tex/latex/amsmath/amste
xt.sty
Package: amstext 2021/08/26 v2.01 AMS text

(/opt/homebrew/Cellar/texlive/20230313/share/texmf-dist/tex/latex/amsmath/amsge
n.sty
File: amsgen.sty 1999/11/30 v2.0 generic functions
\@emptytoks=\toks19
\ex@=\dimen143
))
(/opt/homebrew/Cellar/texlive/20230313/share/texmf-dist/tex/latex/amsmath/amsbs
y.sty
Package: amsbsy 1999/11/29 v1.2d Bold Symbols
\pmbraise@=\dimen144
)
(/opt/homebrew/Cellar/texlive/20230313/share/texmf-dist/tex/latex/amsmath/amsop
n.sty
Package: amsopn 2022/04/08 v2.04 operator names
)
\inf@bad=\count199
LaTeX Info: Redefining \frac on input line 234.
\uproot@=\count266
\leftroot@=\count267
LaTeX Info: Redefining \overline on input line 399.
LaTeX Info: Redefining \colon on input line 410.
\classnum@=\count268
\DOTSCASE@=\count269
LaTeX Info: Redefining \ldots on input line 496.
LaTeX Info: Redefining \dots on input line 499.
LaTeX Info: Redefining \cdots on input line 620.
\Mathstrutbox@=\box52
\strutbox@=\box53
LaTeX Info: Redefining \big on input line 722.
LaTeX Info: Redefining \Big on input line 723.
LaTeX Info: Redefining \bigg on input line 724.
LaTeX Info: Redefining \Bigg on input line 725.
\big@size=\dimen145
LaTeX Font Info:    Redeclaring font encoding OML on input line 743.
LaTeX Font Info:    Redeclaring font encoding OMS on input line 744.
\macc@depth=\count270
LaTeX Info: Redefining \bmod on input line 905.
LaTeX Info: Redefining \pmod on input line 910.
LaTeX Info: Redefining \smash on input line 940.
LaTeX Info: Redefining \relbar on input line 970.
LaTeX Info: Redefining \Relbar on input line 971.
\c@MaxMatrixCols=\count271
\dotsspace@=\muskip16
\c@parentequation=\count272
\dspbrk@lvl=\count273
\tag@help=\toks20
\row@=\count274
\column@=\count275
\maxfields@=\count276
\andhelp@=\toks21
\eqnshift@=\dimen146
\alignsep@=\dimen147
\tagshift@=\dimen148
\tagwidth@=\dimen149
\totwidth@=\dimen150
\lineht@=\dimen151
\@envbody=\toks22
\multlinegap=\skip54
\multlinetaggap=\skip55
\mathdisplay@stack=\toks23
LaTeX Info: Redefining \[ on input line 2953.
LaTeX Info: Redefining \] on input line 2954.
)
(/opt/homebrew/Cellar/texlive/20230313/share/texmf-dist/tex/latex/amsfonts/amss
ymb.sty
Package: amssymb 2013/01/14 v3.01 AMS font symbols

(/opt/homebrew/Cellar/texlive/20230313/share/texmf-dist/tex/latex/amsfonts/amsf
onts.sty
Package: amsfonts 2013/01/14 v3.01 Basic AMSFonts support
\symAMSa=\mathgroup4
\symAMSb=\mathgroup5
LaTeX Font Info:    Redeclaring math symbol \hbar on input line 98.
LaTeX Font Info:    Overwriting math alphabet `\mathfrak' in version `bold'
(Font)                  U/euf/m/n --> U/euf/b/n on input line 106.
))
(/opt/homebrew/Cellar/texlive/20230313/share/texmf-dist/tex/latex/amscls/amsthm
.sty
Package: amsthm 2020/05/29 v2.20.6
\thm@style=\toks24
\thm@bodyfont=\toks25
\thm@headfont=\toks26
\thm@notefont=\toks27
\thm@headpunct=\toks28
\thm@preskip=\skip56
\thm@postskip=\skip57
\thm@headsep=\skip58
\dth@everypar=\toks29
)
(/opt/homebrew/Cellar/texlive/20230313/share/texmf-dist/tex/latex/graphics/grap
hicx.sty
Package: graphicx 2021/09/16 v1.2d Enhanced LaTeX Graphics (DPC,SPQR)

(/opt/homebrew/Cellar/texlive/20230313/share/texmf-dist/tex/latex/graphics/grap
hics.sty
Package: graphics 2022/03/10 v1.4e Standard LaTeX Graphics (DPC,SPQR)

(/opt/homebrew/Cellar/texlive/20230313/share/texmf-dist/tex/latex/graphics/trig
.sty
Package: trig 2021/08/11 v1.11 sin cos tan (DPC)
)
(/opt/homebrew/Cellar/texlive/20230313/share/texmf-dist/tex/latex/graphics-cfg/
graphics.cfg
File: graphics.cfg 2016/06/04 v1.11 sample graphics configuration
)
Package graphics Info: Driver file: pdftex.def on input line 107.

(/opt/homebrew/Cellar/texlive/20230313/share/texmf-dist/tex/latex/graphics-def/
pdftex.def
File: pdftex.def 2022/09/22 v1.2b Graphics/color driver for pdftex
))
\Gin@req@height=\dimen152
\Gin@req@width=\dimen153
)
(/opt/homebrew/Cellar/texlive/20230313/share/texmf-dist/tex/latex/xurl/xurl.sty
Package: xurl 2022/01/09 v 0.10 modify URL breaks
(/opt/homebrew/Cellar/texlive/20230313/share/texmf-dist/tex/latex/url/url.sty
\Urlmuskip=\muskip17
Package: url 2013/09/16  ver 3.4  Verb mode for urls, etc.
))
(/opt/homebrew/Cellar/texlive/20230313/share/texmf-dist/tex/latex/natbib/natbib
.sty
Package: natbib 2010/09/13 8.31b (PWD, AO)
\bibhang=\skip59
\bibsep=\skip60
LaTeX Info: Redefining \cite on input line 694.
\c@NAT@ctr=\count277
)
(/opt/homebrew/Cellar/texlive/20230313/share/texmf-dist/tex/latex/graphics/rota
ting.sty
Package: rotating 2016/08/11 v2.16d rotated objects in LaTeX

(/opt/homebrew/Cellar/texlive/20230313/share/texmf-dist/tex/latex/base/ifthen.s
ty
Package: ifthen 2022/04/13 v1.1d Standard LaTeX ifthen package (DPC)
)
\c@r@tfl@t=\count278
\rotFPtop=\skip61
\rotFPbot=\skip62
\rot@float@box=\box54
\rot@mess@toks=\toks30
)
(/opt/homebrew/Cellar/texlive/20230313/share/texmf-dist/tex/generic/iftex/ifpdf
.sty
Package: ifpdf 2019/10/25 v3.4 ifpdf legacy package. Use iftex instead.

(/opt/homebrew/Cellar/texlive/20230313/share/texmf-dist/tex/generic/iftex/iftex
.sty
Package: iftex 2022/02/03 v1.0f TeX engine tests
))
(/opt/homebrew/Cellar/texlive/20230313/share/texmf-dist/tex/latex/hyperref/hype
rref.sty
Package: hyperref 2023-02-07 v7.00v Hypertext links for LaTeX

(/opt/homebrew/Cellar/texlive/20230313/share/texmf-dist/tex/generic/ltxcmds/ltx
cmds.sty
Package: ltxcmds 2020-05-10 v1.25 LaTeX kernel commands for general use (HO)
)
(/opt/homebrew/Cellar/texlive/20230313/share/texmf-dist/tex/generic/pdftexcmds/
pdftexcmds.sty
Package: pdftexcmds 2020-06-27 v0.33 Utility functions of pdfTeX for LuaTeX (HO
)

(/opt/homebrew/Cellar/texlive/20230313/share/texmf-dist/tex/generic/infwarerr/i
nfwarerr.sty
Package: infwarerr 2019/12/03 v1.5 Providing info/warning/error messages (HO)
)
Package pdftexcmds Info: \pdf@primitive is available.
Package pdftexcmds Info: \pdf@ifprimitive is available.
Package pdftexcmds Info: \pdfdraftmode found.
)
(/opt/homebrew/Cellar/texlive/20230313/share/texmf-dist/tex/latex/kvsetkeys/kvs
etkeys.sty
Package: kvsetkeys 2022-10-05 v1.19 Key value parser (HO)
)
(/opt/homebrew/Cellar/texlive/20230313/share/texmf-dist/tex/generic/kvdefinekey
s/kvdefinekeys.sty
Package: kvdefinekeys 2019-12-19 v1.6 Define keys (HO)
)
(/opt/homebrew/Cellar/texlive/20230313/share/texmf-dist/tex/generic/pdfescape/p
dfescape.sty
Package: pdfescape 2019/12/09 v1.15 Implements pdfTeX's escape features (HO)
)
(/opt/homebrew/Cellar/texlive/20230313/share/texmf-dist/tex/latex/hycolor/hycol
or.sty
Package: hycolor 2020-01-27 v1.10 Color options for hyperref/bookmark (HO)
)
(/opt/homebrew/Cellar/texlive/20230313/share/texmf-dist/tex/latex/letltxmacro/l
etltxmacro.sty
Package: letltxmacro 2019/12/03 v1.6 Let assignment for LaTeX macros (HO)
)
(/opt/homebrew/Cellar/texlive/20230313/share/texmf-dist/tex/latex/auxhook/auxho
ok.sty
Package: auxhook 2019-12-17 v1.6 Hooks for auxiliary files (HO)
)
(/opt/homebrew/Cellar/texlive/20230313/share/texmf-dist/tex/latex/hyperref/name
ref.sty
Package: nameref 2022-05-17 v2.50 Cross-referencing by name of section

(/opt/homebrew/Cellar/texlive/20230313/share/texmf-dist/tex/latex/refcount/refc
ount.sty
Package: refcount 2019/12/15 v3.6 Data extraction from label references (HO)
)
(/opt/homebrew/Cellar/texlive/20230313/share/texmf-dist/tex/generic/gettitlestr
ing/gettitlestring.sty
Package: gettitlestring 2019/12/15 v1.6 Cleanup title references (HO)

(/opt/homebrew/Cellar/texlive/20230313/share/texmf-dist/tex/latex/kvoptions/kvo
ptions.sty
Package: kvoptions 2022-06-15 v3.15 Key value format for package options (HO)
))
\c@section@level=\count279
)
\@linkdim=\dimen154
\Hy@linkcounter=\count280
\Hy@pagecounter=\count281

(/opt/homebrew/Cellar/texlive/20230313/share/texmf-dist/tex/latex/hyperref/pd1e
nc.def
File: pd1enc.def 2023-02-07 v7.00v Hyperref: PDFDocEncoding definition (HO)
Now handling font encoding PD1 ...
... no UTF-8 mapping file for font encoding PD1
)
(/opt/homebrew/Cellar/texlive/20230313/share/texmf-dist/tex/generic/intcalc/int
calc.sty
Package: intcalc 2019/12/15 v1.3 Expandable calculations with integers (HO)
)
(/opt/homebrew/Cellar/texlive/20230313/share/texmf-dist/tex/generic/etexcmds/et
excmds.sty
Package: etexcmds 2019/12/15 v1.7 Avoid name clashes with e-TeX commands (HO)
)
\Hy@SavedSpaceFactor=\count282

(/opt/homebrew/Cellar/texlive/20230313/share/texmf-dist/tex/latex/hyperref/puen
c.def
File: puenc.def 2023-02-07 v7.00v Hyperref: PDF Unicode definition (HO)
Now handling font encoding PU ...
... no UTF-8 mapping file for font encoding PU
)
Package hyperref Info: Hyper figures OFF on input line 4177.
Package hyperref Info: Link nesting OFF on input line 4182.
Package hyperref Info: Hyper index ON on input line 4185.
Package hyperref Info: Plain pages OFF on input line 4192.
Package hyperref Info: Backreferencing OFF on input line 4197.
Package hyperref Info: Implicit mode ON; LaTeX internals redefined.
Package hyperref Info: Bookmarks ON on input line 4425.
\c@Hy@tempcnt=\count283
LaTeX Info: Redefining \url on input line 4763.
\XeTeXLinkMargin=\dimen155

(/opt/homebrew/Cellar/texlive/20230313/share/texmf-dist/tex/generic/bitset/bits
et.sty
Package: bitset 2019/12/09 v1.3 Handle bit-vector datatype (HO)

(/opt/homebrew/Cellar/texlive/20230313/share/texmf-dist/tex/generic/bigintcalc/
bigintcalc.sty
Package: bigintcalc 2019/12/15 v1.5 Expandable calculations on big integers (HO
)
))
\Fld@menulength=\count284
\Field@Width=\dimen156
\Fld@charsize=\dimen157
Package hyperref Info: Hyper figures OFF on input line 6042.
Package hyperref Info: Link nesting OFF on input line 6047.
Package hyperref Info: Hyper index ON on input line 6050.
Package hyperref Info: backreferencing OFF on input line 6057.
Package hyperref Info: Link coloring OFF on input line 6062.
Package hyperref Info: Link coloring with OCG OFF on input line 6067.
Package hyperref Info: PDF/A mode OFF on input line 6072.

(/opt/homebrew/Cellar/texlive/20230313/share/texmf-dist/tex/latex/base/atbegshi
-ltx.sty
Package: atbegshi-ltx 2021/01/10 v1.0c Emulation of the original atbegshi
package with kernel methods
)
\Hy@abspage=\count285
\c@Item=\count286
\c@Hfootnote=\count287
)
Package hyperref Info: Driver (autodetected): hpdftex.

(/opt/homebrew/Cellar/texlive/20230313/share/texmf-dist/tex/latex/hyperref/hpdf
tex.def
File: hpdftex.def 2023-02-07 v7.00v Hyperref driver for pdfTeX

(/opt/homebrew/Cellar/texlive/20230313/share/texmf-dist/tex/latex/base/atveryen
d-ltx.sty
Package: atveryend-ltx 2020/08/19 v1.0a Emulation of the original atveryend pac
kage
with kernel methods
)
\Fld@listcount=\count288
\c@bookmark@seq@number=\count289

(/opt/homebrew/Cellar/texlive/20230313/share/texmf-dist/tex/latex/rerunfilechec
k/rerunfilecheck.sty
Package: rerunfilecheck 2022-07-10 v1.10 Rerun checks for auxiliary files (HO)

(/opt/homebrew/Cellar/texlive/20230313/share/texmf-dist/tex/generic/uniquecount
er/uniquecounter.sty
Package: uniquecounter 2019/12/15 v1.4 Provide unlimited unique counter (HO)
)
Package uniquecounter Info: New unique counter `rerunfilecheck' on input line 2
85.
)
\Hy@SectionHShift=\skip63
)
(/opt/homebrew/Cellar/texlive/20230313/share/texmf-dist/tex/latex/booktabs/book
tabs.sty
Package: booktabs 2020/01/12 v1.61803398 Publication quality tables
\heavyrulewidth=\dimen158
\lightrulewidth=\dimen159
\cmidrulewidth=\dimen160
\belowrulesep=\dimen161
\belowbottomsep=\dimen162
\aboverulesep=\dimen163
\abovetopsep=\dimen164
\cmidrulesep=\dimen165
\cmidrulekern=\dimen166
\defaultaddspace=\dimen167
\@cmidla=\count290
\@cmidlb=\count291
\@aboverulesep=\dimen168
\@belowrulesep=\dimen169
\@thisruleclass=\count292
\@lastruleclass=\count293
\@thisrulewidth=\dimen170
)
(/opt/homebrew/Cellar/texlive/20230313/share/texmf-dist/tex/latex/caption/capti
on.sty
Package: caption 2023/03/12 v3.6j Customizing captions (AR)

(/opt/homebrew/Cellar/texlive/20230313/share/texmf-dist/tex/latex/caption/capti
on3.sty
Package: caption3 2023/03/12 v2.4 caption3 kernel (AR)
\caption@tempdima=\dimen171
\captionmargin=\dimen172
\caption@leftmargin=\dimen173
\caption@rightmargin=\dimen174
\caption@width=\dimen175
\caption@indent=\dimen176
\caption@parindent=\dimen177
\caption@hangindent=\dimen178
Package caption Info: Unknown document class (or package),
(caption)             standard defaults will be used.
Package caption Info: \@makecaption = \long macro:#1#2->\vskip \abovecaptionski
p \sbox \@tempboxa {#1. #2}\ifdim \wd \@tempboxa >\hsize #1. #2\par \else \glob
al \@minipagefalse \hb@xt@ \hsize {\hfil \box \@tempboxa \hfil }\fi \vskip \bel
owcaptionskip  on input line 1176.
)

Package caption Warning: Unknown document class (or package),
(caption)                standard defaults will be used.
See the caption package documentation for explanation.

\c@caption@flags=\count294
\c@continuedfloat=\count295
Package caption Info: hyperref package is loaded.
Package caption Info: rotating package is loaded.
)
(/opt/homebrew/Cellar/texlive/20230313/share/texmf-dist/tex/latex/epigraph/epig
raph.sty
Package: epigraph 2020/01/02 v1.5e typesetting epigraphs

(/opt/homebrew/Cellar/texlive/20230313/share/texmf-dist/tex/latex/nextpage/next
page.sty
Package: nextpage 2009/09/03 v1.1a additional page commands
)
\beforeepigraphskip=\skip64
\afterepigraphskip=\skip65
\epigraphwidth=\skip66
\epigraphrule=\skip67
)
(/opt/homebrew/Cellar/texlive/20230313/share/texmf-dist/tex/latex/l3backend/l3b
ackend-pdftex.def
File: l3backend-pdftex.def 2023-01-16 L3 backend support: PDF output (pdfTeX)
\l__color_backend_stack_int=\count296
\l__pdf_internal_box=\box55
) (./sample.aux (./2016/subreddits.aux) (./2016/doms.aux)
(./2016/doms_progressive.aux) (./2016/doms_conservative.aux)
(./2016/doms_progressive1.aux) (./2016/doms_conservative1.aux)
(./2016/doms_progressive_wiki.aux) (./2016/doms_conservative_wiki.aux)
(./2016/summary.aux) (./2016/topk.aux) (./2016/user_bet_cent.aux)
(./2016/user_tot_deg.aux) (./2022/doms.aux) (./2022/group_stats.aux)
(./2022/bet_cent.aux) (./2022/tot_deg.aux))
\openout1 = `sample.aux'.

LaTeX Font Info:    Checking defaults for OML/cmm/m/it on input line 97.
LaTeX Font Info:    ... okay on input line 97.
LaTeX Font Info:    Checking defaults for OMS/cmsy/m/n on input line 97.
LaTeX Font Info:    ... okay on input line 97.
LaTeX Font Info:    Checking defaults for OT1/cmr/m/n on input line 97.
LaTeX Font Info:    ... okay on input line 97.
LaTeX Font Info:    Checking defaults for T1/cmr/m/n on input line 97.
LaTeX Font Info:    ... okay on input line 97.
LaTeX Font Info:    Checking defaults for TS1/cmr/m/n on input line 97.
LaTeX Font Info:    ... okay on input line 97.
LaTeX Font Info:    Checking defaults for OMX/cmex/m/n on input line 97.
LaTeX Font Info:    ... okay on input line 97.
LaTeX Font Info:    Checking defaults for U/cmr/m/n on input line 97.
LaTeX Font Info:    ... okay on input line 97.
LaTeX Font Info:    Checking defaults for PD1/pdf/m/n on input line 97.
LaTeX Font Info:    ... okay on input line 97.
LaTeX Font Info:    Checking defaults for PU/pdf/m/n on input line 97.
LaTeX Font Info:    ... okay on input line 97.

(/opt/homebrew/Cellar/texlive/20230313/share/texmf-dist/tex/context/base/mkii/s
upp-pdf.mkii
[Loading MPS to PDF converter (version 2006.09.02).]
\scratchcounter=\count297
\scratchdimen=\dimen179
\scratchbox=\box56
\nofMPsegments=\count298
\nofMParguments=\count299
\everyMPshowfont=\toks31
\MPscratchCnt=\count300
\MPscratchDim=\dimen180
\MPnumerator=\count301
\makeMPintoPDFobject=\count302
\everyMPtoPDFconversion=\toks32
)
(/opt/homebrew/Cellar/texlive/20230313/share/texmf-dist/tex/latex/epstopdf-pkg/
epstopdf-base.sty
Package: epstopdf-base 2020-01-24 v2.11 Base part for package epstopdf
Package epstopdf-base Info: Redefining graphics rule for `.eps' on input line 4
85.

(/opt/homebrew/Cellar/texlive/20230313/share/texmf-dist/tex/latex/latexconfig/e
pstopdf-sys.cfg
File: epstopdf-sys.cfg 2010/07/13 v1.3 Configuration of (r)epstopdf for TeX Liv
e
))
Package hyperref Info: Link coloring OFF on input line 97.
 (./sample.out) (./sample.out)
\@outlinefile=\write3
\openout3 = `sample.out'.

Package caption Info: Begin \AtBeginDocument code.
Package caption Info: End \AtBeginDocument code.
 [1



{/opt/homebrew/Cellar/texlive/20230313/share/texmf-dist/fonts/map/pdftex/updmap
/pdftex.map}] [2

{/opt/homebrew/Cellar/texlive/20230313/share/texmf-dist/fonts/enc/dvips/cm-supe
r/cm-super-ts1.enc}] [3


] [4


] [5


] [6


] (./sample.toc
LaTeX Font Info:    Trying to load font information for U+msa on input line 1.

(/opt/homebrew/Cellar/texlive/20230313/share/texmf-dist/tex/latex/amsfonts/umsa
.fd
File: umsa.fd 2013/01/14 v3.01 AMS symbols A
)
LaTeX Font Info:    Trying to load font information for U+msb on input line 1.

(/opt/homebrew/Cellar/texlive/20230313/share/texmf-dist/tex/latex/amsfonts/umsb
.fd
File: umsb.fd 2013/01/14 v3.01 AMS symbols B
) [7


])
\tf@toc=\write4
\openout4 = `sample.toc'.

 [8] (./sample.lof)
\tf@lof=\write5
\openout5 = `sample.lof'.

 [9

] (./sample.lot)
\tf@lot=\write6
\openout6 = `sample.lot'.

 [10

]
Chapter 1.
[1


] [2] [3] [4] [5] [6]
Underfull \vbox (badness 1048) has occurred while \output is active []

 [7]
[8] [9] [10] [11] [12]
Underfull \vbox (badness 1584) has occurred while \output is active []

 [13]
[14]

Package natbib Warning: Multiple citation on page 15: same authors and year
(natbib)                without distinguishing extra letter,
(natbib)                appears as question mark.

[15] [16] [17] [18] [19]
Overfull \hbox (3.75214pt too wide) in paragraph at lines 475--476
[]\OT1/cmr/m/n/12 1. Do so-cial me-dia net-works show ev-i-dence of be-ing con-
trolled or cap-tured by ideologically-
 []

[20]
Chapter 2.
(./rus.tex [21

] [22] [23] [24] [25] [26] [27]
<reddit.jpg, id=842, 853.1875pt x 622.325pt>
File: reddit.jpg Graphic file (type jpg)
<use reddit.jpg>
Package pdftex.def Info: reddit.jpg  used on input line 111.
(pdftex.def)             Requested size: 469.75499pt x 342.65015pt.

Underfull \vbox (badness 1466) has occurred while \output is active []

 [28 <./reddit.jpg>]
<rus/count.png, id=852, 1957.3125pt x 1204.5pt>
File: rus/count.png Graphic file (type png)
<use rus/count.png>
Package pdftex.def Info: rus/count.png  used on input line 123.
(pdftex.def)             Requested size: 469.75499pt x 289.06752pt.
 [29 <./rus/count.png>] [30]
<rus/things1.png, id=875, 1957.3125pt x 1204.5pt>
File: rus/things1.png Graphic file (type png)
<use rus/things1.png>
Package pdftex.def Info: rus/things1.png  used on input line 150.
(pdftex.def)             Requested size: 469.75499pt x 289.06752pt.
 [31 <./rus/things1.png>]
(./rus/subreddits.tex) [32]
Underfull \vbox (badness 10000) has occurred while \output is active []

 [33]
[34] [35] (./rus/doms.tex) [36]
Underfull \vbox (badness 10000) has occurred while \output is active []

 [37]
[38] [39] (./rus/rus_doms.tex) [40]
Underfull \vbox (badness 10000) has occurred while \output is active []

 [41]
[42] (./rus/wiki.tex)
Underfull \vbox (badness 1308) has occurred while \output is active []

 [43]
[44] (./rus/summary.tex) [45]
<rus/kcore.png, id=1022, 1349.04pt x 584.1825pt>
File: rus/kcore.png Graphic file (type png)
<use rus/kcore.png>
Package pdftex.def Info: rus/kcore.png  used on input line 386.
(pdftex.def)             Requested size: 469.75499pt x 203.41508pt.
 [46] [47 <./rus/kcore.png>]
<rus/kshells.png, id=1044, 3400.705pt x 2409.0pt>
File: rus/kshells.png Graphic file (type png)
<use rus/kshells.png>
Package pdftex.def Info: rus/kshells.png  used on input line 406.
(pdftex.def)             Requested size: 469.75499pt x 332.73643pt.
 [48 <./rus/kshells.png>] (./rus/user_ties.tex) [49] (./rus/user_zs.tex) [50] [
51]
(./rus/user_deg.tex) [52]
Underfull \vbox (badness 1132) has occurred while \output is active []

 [53]
(./rus/friend1.tex) [54] (./rus/friend.tex) [55] (./rus/group1.tex) [56]
<rus/superspreader_putin.png, id=1102, 1806.75pt x 1806.75pt>
File: rus/superspreader_putin.png Graphic file (type png)
<use rus/superspreader_putin.png>
Package pdftex.def Info: rus/superspreader_putin.png  used on input line 563.
(pdftex.def)             Requested size: 469.75499pt x 469.74393pt.

[57]
Underfull \vbox (badness 5316) has occurred while \output is active []

 [58 <./rus/superspreader_putin.png>]
<rus/neutral_putin.png, id=1116, 1806.75pt x 1806.75pt>
File: rus/neutral_putin.png Graphic file (type png)
<use rus/neutral_putin.png>
Package pdftex.def Info: rus/neutral_putin.png  used on input line 579.
(pdftex.def)             Requested size: 469.75499pt x 469.74393pt.
<rus/top_crimea.png, id=1118, 1806.75pt x 1806.75pt>
File: rus/top_crimea.png Graphic file (type png)
<use rus/top_crimea.png>
Package pdftex.def Info: rus/top_crimea.png  used on input line 594.
(pdftex.def)             Requested size: 469.75499pt x 469.74393pt.
 [59]
<rus/top_mh17.png, id=1123, 1806.75pt x 1806.75pt>
File: rus/top_mh17.png Graphic file (type png)
<use rus/top_mh17.png>
Package pdftex.def Info: rus/top_mh17.png  used on input line 601.
(pdftex.def)             Requested size: 469.75499pt x 469.74393pt.

Underfull \vbox (badness 5316) has occurred while \output is active []

 [60 <./rus/neutral_putin.png>]
Underfull \vbox (badness 5316) has occurred while \output is active []

 [61 <./rus/top_crimea.png>]
Underfull \vbox (badness 5316) has occurred while \output is active []

 [62 <./rus/top_mh17.png>] [63] [64] [65]) [66]
Chapter 3.
(./us.tex [67

] [68] [69] [70] [71] [72] [73] [74] [75] [76] [77] [78] [79]
[80] [81] [82] [83] [84] [85]) [86]
<things.png, id=1544, 1957.3125pt x 1204.5pt>
File: things.png Graphic file (type png)
<use things.png>
Package pdftex.def Info: things.png  used on input line 495.
(pdftex.def)             Requested size: 469.75499pt x 289.06752pt.
 [87 <./things.png>]
<2016/progressive_count.png, id=1551, 1957.3125pt x 1505.625pt>
File: 2016/progressive_count.png Graphic file (type png)
<use 2016/progressive_count.png>
Package pdftex.def Info: 2016/progressive_count.png  used on input line 508.
(pdftex.def)             Requested size: 469.75499pt x 361.33441pt.
<2016/conservative_count.png, id=1553, 1957.3125pt x 1204.5pt>
File: 2016/conservative_count.png Graphic file (type png)
<use 2016/conservative_count.png>
Package pdftex.def Info: 2016/conservative_count.png  used on input line 524.
(pdftex.def)             Requested size: 469.75499pt x 289.06752pt.
 [88] [89 <./2016/progressive_count.png>]
<2016/match_count.png, id=1564, 1957.3125pt x 1204.5pt>
File: 2016/match_count.png Graphic file (type png)
<use 2016/match_count.png>
Package pdftex.def Info: 2016/match_count.png  used on input line 540.
(pdftex.def)             Requested size: 469.75499pt x 289.06752pt.
 [90 <./2016/conservative_count.png>]
<2016/progressive_match.png, id=1571, 1957.3125pt x 1505.625pt>
File: 2016/progressive_match.png Graphic file (type png)
<use 2016/progressive_match.png>
Package pdftex.def Info: 2016/progressive_match.png  used on input line 557.
(pdftex.def)             Requested size: 469.75499pt x 361.33441pt.
 [91 <./2016/match_count.png>]
<2016/conservative_match.png, id=1580, 1957.3125pt x 1204.5pt>
File: 2016/conservative_match.png Graphic file (type png)
<use 2016/conservative_match.png>
Package pdftex.def Info: 2016/conservative_match.png  used on input line 572.
(pdftex.def)             Requested size: 469.75499pt x 289.06752pt.
 [92 <./2016/progressive_match.png>]
\openout2 = `2016/subreddits.aux'.

 (./2016/subreddits.tex) [93 <./2016/conservative_match.png>]
Underfull \vbox (badness 1668) has occurred while \output is active []

 [94



]
\openout2 = `2016/doms.aux'.


(./2016/doms.tex)
\openout2 = `2016/doms_progressive.aux'.

 (./2016/doms_progressive.tex) [95]
Underfull \vbox (badness 10000) has occurred while \output is active []

 [96



]
Underfull \vbox (badness 1668) has occurred while \output is active []

 [97



]
\openout2 = `2016/doms_conservative.aux'.


(./2016/doms_conservative.tex)
\openout2 = `2016/doms_progressive1.aux'.

 (./2016/doms_progressive1.tex)
\openout2 = `2016/doms_conservative1.aux'.


(./2016/doms_conservative1.tex)
\openout2 = `2016/doms_progressive_wiki.aux'.

 (./2016/doms_progressive_wiki.tex) [98]
Underfull \vbox (badness 10000) has occurred while \output is active []

 [99



]
Underfull \vbox (badness 1668) has occurred while \output is active []

 [100



]
Underfull \vbox (badness 10000) has occurred while \output is active []

 [101



]
\openout2 = `2016/doms_conservative_wiki.aux'.


(./2016/doms_conservative_wiki.tex) [102



]
\openout2 = `2016/summary.aux'.

 (./2016/summary.tex) [103



]
<2016/kshells.png, id=1646, 2107.875pt x 2107.875pt>
File: 2016/kshells.png Graphic file (type png)
<use 2016/kshells.png>
Package pdftex.def Info: 2016/kshells.png  used on input line 727.
(pdftex.def)             Requested size: 469.75499pt x 469.74852pt.

Underfull \vbox (badness 2591) has occurred while \output is active []

 [104



]
[105 <./2016/kshells.png>]
\openout2 = `2016/topk.aux'.

 (./2016/topk.tex)
\openout2 = `2016/user_bet_cent.aux'.

 (./2016/user_bet_cent.tex)
[106]
\openout2 = `2016/user_tot_deg.aux'.

 (./2016/user_tot_deg.tex) [107



] [108



] [109



] [110]
<2016/prog_plus_conservative.png, id=1682, 1806.75pt x 1806.75pt>
File: 2016/prog_plus_conservative.png Graphic file (type png)
<use 2016/prog_plus_conservative.png>
Package pdftex.def Info: 2016/prog_plus_conservative.png  used on input line 82
1.
(pdftex.def)             Requested size: 469.75499pt x 469.74393pt.
 [111]
Underfull \vbox (badness 5316) has occurred while \output is active []

 [112 <./2016/prog_plus_conservative.png>]
<2016/cons_plus_progressive.png, id=1694, 1806.75pt x 1806.75pt>
File: 2016/cons_plus_progressive.png Graphic file (type png)
<use 2016/cons_plus_progressive.png>
Package pdftex.def Info: 2016/cons_plus_progressive.png  used on input line 851
.
(pdftex.def)             Requested size: 469.75499pt x 469.74393pt.
 [113]
Underfull \vbox (badness 5316) has occurred while \output is active []

 [114 <./2016/cons_plus_progressive.png>] [115]
<2016/prog_plus_mueller.png, id=1709, 1806.75pt x 1806.75pt>
File: 2016/prog_plus_mueller.png Graphic file (type png)
<use 2016/prog_plus_mueller.png>
Package pdftex.def Info: 2016/prog_plus_mueller.png  used on input line 888.
(pdftex.def)             Requested size: 469.75499pt x 469.74393pt.
 [116]
Underfull \vbox (badness 10000) has occurred while \output is active []

 [117 <./2016/prog_plus_mueller.png>]
<2016/cons_plus_russiagate.png, id=1721, 1806.75pt x 1806.75pt>
File: 2016/cons_plus_russiagate.png Graphic file (type png)
<use 2016/cons_plus_russiagate.png>
Package pdftex.def Info: 2016/cons_plus_russiagate.png  used on input line 911.

(pdftex.def)             Requested size: 469.75499pt x 469.74393pt.
 [118]
Underfull \vbox (badness 5316) has occurred while \output is active []

 [119 <./2016/cons_plus_russiagate.png>] [120] [121]
Underfull \vbox (badness 3849) has occurred while \output is active []

 [122]
[123] [124] [125] [126] [127]
Chapter 4.
(./conspiracy.tex [128

] [129] [130] [131] [132] [133] [134] [135] [136]
[137] [138] [139] [140] [141])
<2022/count.png, id=2109, 1957.3125pt x 1204.5pt>
File: 2022/count.png Graphic file (type png)
<use 2022/count.png>
Package pdftex.def Info: 2022/count.png  used on input line 1046.
(pdftex.def)             Requested size: 469.75499pt x 289.06752pt.

Overfull \hbox (4.53546pt too wide) in paragraph at lines 1051--1058
\OT1/cmr/m/n/12 Figure []4.1[] dis-plays com-ments and sub-mis-sions by month. 
The base dataset con-tains 1,590,619, 
 []

[142]
<2022/match.png, id=2115, 1957.3125pt x 1204.5pt>
File: 2022/match.png Graphic file (type png)
<use 2022/match.png>
Package pdftex.def Info: 2022/match.png  used on input line 1061.
(pdftex.def)             Requested size: 469.75499pt x 289.06752pt.


LaTeX Warning: `h' float specifier changed to `ht'.

[143 <./2022/count.png>] (./2022/subreddits.tex) [144 <./2022/match.png>]
Underfull \vbox (badness 10000) has occurred while \output is active []

 [145]
\openout2 = `2022/doms.aux'.


(./2022/doms.tex) [146]
Underfull \vbox (badness 10000) has occurred while \output is active []

 [147



]
(./2022/doms_wiki.tex) [148]
Underfull \vbox (badness 10000) has occurred while \output is active []

 [149]
[150]
\openout2 = `2022/group_stats.aux'.

 (./2022/group_stats.tex) [151



]
<2022/kshells.png, id=2162, 1957.3125pt x 1204.5pt>
File: 2022/kshells.png Graphic file (type png)
<use 2022/kshells.png>
Package pdftex.def Info: 2022/kshells.png  used on input line 1181.
(pdftex.def)             Requested size: 469.75499pt x 289.06752pt.
 [152 <./2022/kshells.png>]
(./2022/topk.tex) [153]
\openout2 = `2022/bet_cent.aux'.

 (./2022/bet_cent.tex) [154



]
\openout2 = `2022/tot_deg.aux'.

 (./2022/tot_deg.tex)
[155]
<2022/putin.jpg, id=2185, 1806.75pt x 1806.75pt>
File: 2022/putin.jpg Graphic file (type jpg)
<use 2022/putin.jpg>
Package pdftex.def Info: 2022/putin.jpg  used on input line 1253.
(pdftex.def)             Requested size: 469.75499pt x 469.74393pt.
 [156



]
Underfull \vbox (badness 5316) has occurred while \output is active []

 [157 <./2022/putin.jpg>]
<2022/ukraine.jpg, id=2197, 1806.75pt x 1806.75pt>
File: 2022/ukraine.jpg Graphic file (type jpg)
<use 2022/ukraine.jpg>
Package pdftex.def Info: 2022/ukraine.jpg  used on input line 1273.
(pdftex.def)             Requested size: 469.75499pt x 469.74393pt.
 [158]
Underfull \vbox (badness 10000) has occurred while \output is active []

 [159 <./2022/ukraine.jpg>]
<2022/russia.jpg, id=2210, 1806.75pt x 1806.75pt>
File: 2022/russia.jpg Graphic file (type jpg)
<use 2022/russia.jpg>
Package pdftex.def Info: 2022/russia.jpg  used on input line 1299.
(pdftex.def)             Requested size: 469.75499pt x 469.74393pt.
 [160] [161 <./2022/russia.jpg>] [162] [163] [164] [165]
Chapter 5.

Underfull \vbox (badness 1472) has occurred while \output is active []

 [166

]
[167] [168] [169] [170] [171] [172] [173] (./sample.bbl [174


] [175]

! LaTeX Error: Unicode character   (U+2009)
               not set up for use with LaTeX.

See the LaTeX manual or LaTeX Companion for explanation.
Type  H <return>  for immediate help.
 ...                                              
                                                  
l.217 \newblock {The Gutenberg Bibles: 
                                         Analysis of the Illuminations and I...

? 
[176] [177] [178] [179] [180] [181] [182] [183] [184] [185] [186] [187]
[188]) [189] [190


]
! Misplaced alignment tab character &.
l.1504      School of Economic, Political &
                                            Policy Sciences\par
? 
[191



] (./sample.aux (./2016/subreddits.aux) (./2016/doms.aux)
(./2016/doms_progressive.aux) (./2016/doms_conservative.aux)
(./2016/doms_progressive1.aux) (./2016/doms_conservative1.aux)
(./2016/doms_progressive_wiki.aux) (./2016/doms_conservative_wiki.aux)
(./2016/summary.aux) (./2016/topk.aux) (./2016/user_bet_cent.aux)
(./2016/user_tot_deg.aux) (./2022/doms.aux) (./2022/group_stats.aux)
(./2022/bet_cent.aux) (./2022/tot_deg.aux))
Package rerunfilecheck Info: File `sample.out' has not changed.
(rerunfilecheck)             Checksum: 011C38AE7A5027F3CCA34341D78D829F;7680.
 ) 
Here is how much of TeX's memory you used:
 15848 strings out of 476025
 267982 string characters out of 5780034
 1902388 words of memory out of 5000000
 35395 multiletter control sequences out of 15000+600000
 522550 words of font info for 72 fonts, out of 8000000 for 9000
 1141 hyphenation exceptions out of 8191
 75i,9n,76p,1419b,1030s stack positions out of 10000i,1000n,20000p,200000b,200000s
</opt/homebrew/Cellar/texlive/20230313/share/texmf-dist/fonts/type1/public/am
sfonts/cm/cmbx12.pfb></opt/homebrew/Cellar/texlive/20230313/share/texmf-dist/fo
nts/type1/public/amsfonts/cm/cmmi12.pfb></opt/homebrew/Cellar/texlive/20230313/
share/texmf-dist/fonts/type1/public/amsfonts/cm/cmr10.pfb></opt/homebrew/Cellar
/texlive/20230313/share/texmf-dist/fonts/type1/public/amsfonts/cm/cmr12.pfb></o
pt/homebrew/Cellar/texlive/20230313/share/texmf-dist/fonts/type1/public/amsfont
s/cm/cmr7.pfb></opt/homebrew/Cellar/texlive/20230313/share/texmf-dist/fonts/typ
e1/public/amsfonts/cm/cmr8.pfb></opt/homebrew/Cellar/texlive/20230313/share/tex
mf-dist/fonts/type1/public/amsfonts/cm/cmti12.pfb></opt/homebrew/Cellar/texlive
/20230313/share/texmf-dist/fonts/type1/public/amsfonts/cm/cmtt12.pfb></opt/home
brew/Cellar/texlive/20230313/share/texmf-dist/fonts/type1/public/cm-super/sfrm1
200.pfb>
Output written on sample.pdf (201 pages, 8327555 bytes).
PDF statistics:
 2588 PDF objects out of 2984 (max. 8388607)
 2292 compressed objects within 23 object streams
 544 named destinations out of 1000 (max. 500000)
 555 words of extra memory for PDF output out of 10000 (max. 10000000)

